# Logfile created on 2014-02-10 12:46:49 -0800 by logger.rb/44203
I, [2014-02-10T12:46:49.775909 #10001]  INFO -- : 0:  rake (0.9.2.2) from /Users/albarron/.rvm/rubies/ruby-2.1.0/lib/ruby/gems/2.1.0/specifications/rake-0.9.2.2.gemspec
I, [2014-02-10T12:46:50.890307 #10001]  INFO -- : 0:  rack (1.5.2) from /Users/albarron/.rvm/rubies/ruby-2.1.0/lib/ruby/gems/2.1.0/specifications/rack-1.5.2.gemspec
I, [2014-02-10T12:46:51.348674 #10001]  INFO -- : 0:  rack-protection (1.5.2) from /Users/albarron/.rvm/rubies/ruby-2.1.0/lib/ruby/gems/2.1.0/specifications/rack-protection-1.5.2.gemspec
I, [2014-02-10T12:46:51.890272 #10001]  INFO -- : 0:  tilt (1.4.1) from /Users/albarron/.rvm/rubies/ruby-2.1.0/lib/ruby/gems/2.1.0/specifications/tilt-1.4.1.gemspec
I, [2014-02-10T12:46:53.150795 #10001]  INFO -- : 0:  sinatra (1.3.3) from /Users/albarron/.rvm/rubies/ruby-2.1.0/lib/ruby/gems/2.1.0/specifications/sinatra-1.3.3.gemspec
I, [2014-02-10T12:46:53.557587 #10001]  INFO -- : 0:  async_sinatra (1.1.0) from /Users/albarron/.rvm/rubies/ruby-2.1.0/lib/ruby/gems/2.1.0/specifications/async_sinatra-1.1.0.gemspec
I, [2014-02-10T12:46:54.596642 #10001]  INFO -- : 0:  beefcake (0.3.7) from /Users/albarron/.rvm/rubies/ruby-2.1.0/lib/ruby/gems/2.1.0/specifications/beefcake-0.3.7.gemspec
I, [2014-02-10T12:46:55.729416 #10001]  INFO -- : 0:  bson (1.9.2) from /Users/albarron/.rvm/rubies/ruby-2.1.0/lib/ruby/gems/2.1.0/specifications/bson-1.9.2.gemspec
I, [2014-02-10T12:46:56.638045 #10001]  INFO -- : 0:  bson_ext (1.9.2) from /Users/albarron/.rvm/rubies/ruby-2.1.0/lib/ruby/gems/2.1.0/specifications/bson_ext-1.9.2.gemspec
I, [2014-02-10T12:46:57.388533 #10001]  INFO -- : 0:  builder (3.2.2) from /Users/albarron/.rvm/rubies/ruby-2.1.0/lib/ruby/gems/2.1.0/specifications/builder-3.2.2.gemspec
I, [2014-02-10T12:46:58.009260 #10001]  INFO -- : 0:  cri (2.1.0) from /Users/albarron/.rvm/rubies/ruby-2.1.0/lib/ruby/gems/2.1.0/specifications/cri-2.1.0.gemspec
I, [2014-02-10T12:46:58.881433 #10001]  INFO -- : 0:  daemons (1.1.9) from /Users/albarron/.rvm/rubies/ruby-2.1.0/lib/ruby/gems/2.1.0/specifications/daemons-1.1.9.gemspec
I, [2014-02-10T12:46:59.362602 #10001]  INFO -- : 0:  diff-lcs (1.2.5) from /Users/albarron/.rvm/rubies/ruby-2.1.0/lib/ruby/gems/2.1.0/specifications/diff-lcs-1.2.5.gemspec
I, [2014-02-10T12:47:04.394555 #10001]  INFO -- : 0:  eventmachine (1.0.3) from /Users/albarron/.rvm/rubies/ruby-2.1.0/lib/ruby/gems/2.1.0/specifications/eventmachine-1.0.3.gemspec
I, [2014-02-10T12:47:06.156315 #10001]  INFO -- : 0:  http_parser.rb (0.5.3) from /Users/albarron/.rvm/rubies/ruby-2.1.0/lib/ruby/gems/2.1.0/specifications/http_parser.rb-0.5.3.gemspec
I, [2014-02-10T12:47:06.609563 #10001]  INFO -- : 0:  em-websocket (0.5.0) from /Users/albarron/.rvm/rubies/ruby-2.1.0/lib/ruby/gems/2.1.0/specifications/em-websocket-0.5.0.gemspec
I, [2014-02-10T12:47:10.857932 #10001]  INFO -- : 0:  libxml-ruby (2.7.0) from /Users/albarron/.rvm/rubies/ruby-2.1.0/lib/ruby/gems/2.1.0/specifications/libxml-ruby-2.7.0.gemspec
I, [2014-02-10T12:47:11.384031 #10001]  INFO -- : 0:  faster_xml_simple (0.5.0) from /Users/albarron/.rvm/rubies/ruby-2.1.0/lib/ruby/gems/2.1.0/specifications/faster_xml_simple-0.5.0.gemspec
I, [2014-02-10T12:47:12.016369 #10001]  INFO -- : 0:  httpclient (2.3.4.1) from /Users/albarron/.rvm/rubies/ruby-2.1.0/lib/ruby/gems/2.1.0/specifications/httpclient-2.3.4.1.gemspec
I, [2014-02-10T12:47:12.519676 #10001]  INFO -- : 0:  i18n (0.6.9) from /Users/albarron/.rvm/rubies/ruby-2.1.0/lib/ruby/gems/2.1.0/specifications/i18n-0.6.9.gemspec
I, [2014-02-10T12:47:13.052402 #10001]  INFO -- : 0:  innertube (1.0.2) from /Users/albarron/.rvm/rubies/ruby-2.1.0/lib/ruby/gems/2.1.0/specifications/innertube-1.0.2.gemspec
I, [2014-02-10T12:47:13.897154 #10001]  INFO -- : 0:  jasmine-core (2.0.0) from /Users/albarron/.rvm/rubies/ruby-2.1.0/lib/ruby/gems/2.1.0/specifications/jasmine-core-2.0.0.gemspec
I, [2014-02-10T12:47:14.433472 #10001]  INFO -- : 0:  phantomjs (1.9.2.1) from /Users/albarron/.rvm/rubies/ruby-2.1.0/lib/ruby/gems/2.1.0/specifications/phantomjs-1.9.2.1.gemspec
I, [2014-02-10T12:47:14.940524 #10001]  INFO -- : 0:  jasmine (2.0.0) from /Users/albarron/.rvm/rubies/ruby-2.1.0/lib/ruby/gems/2.1.0/specifications/jasmine-2.0.0.gemspec
I, [2014-02-10T12:47:14.940852 #10001]  INFO -- : 0:  json (1.8.1) from /Users/albarron/.rvm/rubies/ruby-2.1.0/lib/ruby/gems/2.1.0/specifications/default/json-1.8.1.gemspec
I, [2014-02-10T12:47:15.465209 #10001]  INFO -- : 0:  little-plugger (1.1.3) from /Users/albarron/.rvm/rubies/ruby-2.1.0/lib/ruby/gems/2.1.0/specifications/little-plugger-1.1.3.gemspec
I, [2014-02-10T12:47:15.953928 #10001]  INFO -- : 0:  multi_json (1.7.2) from /Users/albarron/.rvm/rubies/ruby-2.1.0/lib/ruby/gems/2.1.0/specifications/multi_json-1.7.2.gemspec
I, [2014-02-10T12:47:16.888138 #10001]  INFO -- : 0:  logging (1.8.1) from /Users/albarron/.rvm/rubies/ruby-2.1.0/lib/ruby/gems/2.1.0/specifications/logging-1.8.1.gemspec
I, [2014-02-10T12:47:17.446774 #10001]  INFO -- : 0:  mini_portile (0.5.2) from /Users/albarron/.rvm/rubies/ruby-2.1.0/lib/ruby/gems/2.1.0/specifications/mini_portile-0.5.2.gemspec
I, [2014-02-10T12:47:18.061833 #10001]  INFO -- : 0:  mongo (1.9.2) from /Users/albarron/.rvm/rubies/ruby-2.1.0/lib/ruby/gems/2.1.0/specifications/mongo-1.9.2.gemspec
I, [2014-02-10T12:48:31.495822 #10001]  INFO -- : 0:  nokogiri (1.6.1) from /Users/albarron/.rvm/rubies/ruby-2.1.0/lib/ruby/gems/2.1.0/specifications/nokogiri-1.6.1.gemspec
I, [2014-02-10T12:48:32.607348 #10001]  INFO -- : 0:  net-github-upload (0.0.8) from /Users/albarron/.rvm/rubies/ruby-2.1.0/lib/ruby/gems/2.1.0/specifications/net-github-upload-0.0.8.gemspec
I, [2014-02-10T12:48:33.238662 #10001]  INFO -- : 0:  ocra (1.3.1) from /Users/albarron/.rvm/rubies/ruby-2.1.0/lib/ruby/gems/2.1.0/specifications/ocra-1.3.1.gemspec
I, [2014-02-10T12:48:34.196794 #10001]  INFO -- : 0:  thor (0.14.6) from /Users/albarron/.rvm/rubies/ruby-2.1.0/lib/ruby/gems/2.1.0/specifications/thor-0.14.6.gemspec
I, [2014-02-10T12:48:35.823818 #10001]  INFO -- : 0:  releasy (0.2.2) from /Users/albarron/.rvm/rubies/ruby-2.1.0/lib/ruby/gems/2.1.0/specifications/releasy-0.2.2.gemspec
I, [2014-02-10T12:48:37.189071 #10001]  INFO -- : 0:  riak-client (1.1.1) from /Users/albarron/.rvm/rubies/ruby-2.1.0/lib/ruby/gems/2.1.0/specifications/riak-client-1.1.1.gemspec
I, [2014-02-10T12:48:37.929040 #10001]  INFO -- : 0:  rspec-core (2.14.7) from /Users/albarron/.rvm/rubies/ruby-2.1.0/lib/ruby/gems/2.1.0/specifications/rspec-core-2.14.7.gemspec
I, [2014-02-10T12:48:39.351297 #10001]  INFO -- : 0:  rspec-expectations (2.14.4) from /Users/albarron/.rvm/rubies/ruby-2.1.0/lib/ruby/gems/2.1.0/specifications/rspec-expectations-2.14.4.gemspec
I, [2014-02-10T12:48:39.946901 #10001]  INFO -- : 0:  rspec-mocks (2.14.4) from /Users/albarron/.rvm/rubies/ruby-2.1.0/lib/ruby/gems/2.1.0/specifications/rspec-mocks-2.14.4.gemspec
I, [2014-02-10T12:48:40.515963 #10001]  INFO -- : 0:  rspec (2.14.1) from /Users/albarron/.rvm/rubies/ruby-2.1.0/lib/ruby/gems/2.1.0/specifications/rspec-2.14.1.gemspec
I, [2014-02-10T12:48:41.776467 #10001]  INFO -- : 0:  thin (1.4.1) from /Users/albarron/.rvm/rubies/ruby-2.1.0/lib/ruby/gems/2.1.0/specifications/thin-1.4.1.gemspec
I, [2014-02-10T12:48:41.776875 #10001]  INFO -- : 0:  bundler (1.5.1) from /Users/albarron/.rvm/rubies/ruby-2.1.0/lib/ruby/gems/2.1.0/specifications/bundler-1.5.1.gemspec
